[debug] [2026-01-29T20:06:11.871Z] ----------------------------------------------------------------------
[debug] [2026-01-29T20:06:11.872Z] Command:       /home/agustin/.nvm/versions/node/v24.13.0/bin/node /home/agustin/Proyectos/LaMontana/Firebase/node_modules/firebase-tools/lib/bin/firebase.js init emulators
[debug] [2026-01-29T20:06:11.872Z] CLI Version:   15.4.0
[debug] [2026-01-29T20:06:11.873Z] Platform:      linux
[debug] [2026-01-29T20:06:11.873Z] Node Version:  v24.13.0
[debug] [2026-01-29T20:06:11.873Z] Time:          Thu Jan 29 2026 17:06:11 GMT-0300 (hora estándar de Argentina)
[debug] [2026-01-29T20:06:11.873Z] ----------------------------------------------------------------------
[debug] 
[info] 
     ######## #### ########  ######## ########     ###     ######  ########
     ##        ##  ##     ## ##       ##     ##  ##   ##  ##       ##
     ######    ##  ########  ######   ########  #########  ######  ######
     ##        ##  ##    ##  ##       ##     ## ##     ##       ## ##
     ##       #### ##     ## ######## ########  ##     ##  ######  ########

You're about to initialize a Firebase project in this directory:

  /home/agustin/Proyectos/LaMontana/Firebase

[info] 
=== Project Setup
[info] 
[info] First, let's associate this project directory with a Firebase project.
[info] You can create multiple project aliases by running firebase use --add, 
[info] 
[debug] [2026-01-29T20:06:12.371Z] > command requires scopes: ["email","openid","https://www.googleapis.com/auth/cloudplatformprojects.readonly","https://www.googleapis.com/auth/firebase","https://www.googleapis.com/auth/cloud-platform"]
[debug] [2026-01-29T20:06:12.371Z] > authorizing via signed-in user (tejeroagustin@gmail.com)
[debug] [2026-01-29T20:06:12.371Z] Checked if tokens are valid: true, expires at: 1769720643991
[debug] [2026-01-29T20:06:12.372Z] Checked if tokens are valid: true, expires at: 1769720643991
[debug] [2026-01-29T20:06:12.372Z] >>> [apiv2][query] GET https://firebase.googleapis.com/v1beta1/projects/la-montana-bd [none]
[debug] [2026-01-29T20:06:12.780Z] <<< [apiv2][status] GET https://firebase.googleapis.com/v1beta1/projects/la-montana-bd 200
[debug] [2026-01-29T20:06:12.781Z] <<< [apiv2][body] GET https://firebase.googleapis.com/v1beta1/projects/la-montana-bd {"projectId":"la-montana-bd","projectNumber":"1092991854848","displayName":"La-Montana-bd","name":"projects/la-montana-bd","resources":{"hostingSite":"la-montana-bd"},"state":"ACTIVE","etag":"1_cf2db848-fefa-4bab-9fc8-c91dc4640258"}
[info] i  Using project la-montana-bd (La-Montana-bd) . 
[info] 
=== Emulators Setup
[debug] [2026-01-29T20:06:38.545Z] ExitPromptError: User force closed the prompt with SIGINT
    at Interface.sigint (/home/agustin/Proyectos/LaMontana/Firebase/node_modules/.pnpm/@inquirer+core@10.3.2_@types+node@25.1.0/node_modules/@inquirer/core/dist/commonjs/lib/create-prompt.js:101:37)
    at Interface.emit (node:events:508:28)
    at [_ttyWrite] [as _ttyWrite] (node:internal/readline/interface:1327:18)
    at ReadStream.onkeypress (node:internal/readline/interface:284:20)
    at ReadStream.emit (node:events:520:35)
    at emitKeys (node:internal/readline/utils:371:14)
    at emitKeys.next (<anonymous>)
    at ReadStream.onData (node:internal/readline/emitKeypressEvents:64:36)
    at ReadStream.emit (node:events:508:28)
    at addChunk (node:internal/streams/readable:559:12)
[error] 
[error] Error: An unexpected error has occurred.
